<?xml version="1.0" encoding="UTF-8"?>
<!-- Generated by org.testng.reporters.JUnitReportReporter -->
<testsuite hostname="DESKTOP-BKASB7R" failures="0" tests="1" name="testCases.LoginTestCase" time="17.833" errors="0" timestamp="2022-10-13T15:38:10 IST" skipped="0">
  <testcase classname="testCases.LoginTestCase" name="login" time="17.833"/>
  <system-out/>
</testsuite> <!-- testCases.LoginTestCase -->
