<?xml version="1.0" encoding="UTF-8"?>
<!-- Generated by org.testng.reporters.JUnitReportReporter -->
<testsuite hostname="DESKTOP-BKASB7R" failures="0" tests="1" name="testCasesUsingPageFactory.OrderHistoryTestCasePF" time="34.891" errors="0" timestamp="2022-10-13T17:54:02 IST" skipped="0">
  <testcase classname="testCasesUsingPageFactory.OrderHistoryTestCasePF" name="orderhistory" time="34.891"/>
  <system-out/>
</testsuite> <!-- testCasesUsingPageFactory.OrderHistoryTestCasePF -->
