<?xml version="1.0" encoding="UTF-8"?>
<!-- Generated by org.testng.reporters.JUnitReportReporter -->
<testsuite hostname="DESKTOP-BKASB7R" failures="0" tests="1" name="testCasesUsingPageFactory.LoginTestCasePF" time="31.317" errors="0" timestamp="2022-10-13T17:34:28 IST" skipped="0">
  <testcase classname="testCasesUsingPageFactory.LoginTestCasePF" name="login" time="31.317"/>
  <system-out/>
</testsuite> <!-- testCasesUsingPageFactory.LoginTestCasePF -->
