<?xml version="1.0" encoding="UTF-8"?>
<!-- Generated by org.testng.reporters.JUnitReportReporter -->
<testsuite hostname="DESKTOP-BKASB7R" failures="0" tests="1" name="testCases.OrderDetailsTestCase" time="32.495" errors="0" timestamp="2022-10-13T15:53:09 IST" skipped="0">
  <testcase classname="testCases.OrderDetailsTestCase" name="orderDetails" time="32.495"/>
  <system-out/>
</testsuite> <!-- testCases.OrderDetailsTestCase -->
